#
# There is insufficient memory for the Java Runtime Environment to continue.
# Native memory allocation (malloc) failed to allocate 173136 bytes. Error detail: Chunk::new
# Possible reasons:
#   The system is out of physical RAM or swap space
#   This process is running with CompressedOops enabled, and the Java Heap may be blocking the growth of the native heap
# Possible solutions:
#   Reduce memory load on the system
#   Increase physical memory or swap space
#   Check if swap backing store is full
#   Decrease Java heap size (-Xmx/-Xms)
#   Decrease number of Java threads
#   Decrease Java thread stack sizes (-Xss)
#   Set larger code cache with -XX:ReservedCodeCacheSize=
#   JVM is running with Zero Based Compressed Oops mode in which the Java heap is
#     placed in the first 32GB address space. The Java Heap base address is the
#     maximum limit for the native heap growth. Please use -XX:HeapBaseMinAddress
#     to set the Java Heap base and to place the Java Heap above 32GB virtual address.
# This output file may be truncated or incomplete.
#
#  Out of Memory Error (arena.cpp:168), pid=19188, tid=5928
#
# JRE version: OpenJDK Runtime Environment (21.0.4) (build 21.0.4+-12508038-b607.1)
# Java VM: OpenJDK 64-Bit Server VM (21.0.4+-12508038-b607.1, mixed mode, tiered, compressed oops, compressed class ptrs, g1 gc, windows-amd64)
# No core dump will be written. Minidumps are not enabled by default on client versions of Windows
#

---------------  S U M M A R Y ------------

Command Line: git4idea.http.GitAskPassApp Username for 'https://github.com': 

Host: Intel(R) Core(TM) i7-7820HQ CPU @ 2.90GHz, 8 cores, 15G,  Windows 10 , 64 bit Build 19041 (10.0.19041.5198)
Time: Wed Jan 29 02:12:20 2025 Egypt Standard Time elapsed time: 0.552838 seconds (0d 0h 0m 0s)

---------------  T H R E A D  ---------------

Current thread (0x000001ec970690c0):  JavaThread "C2 CompilerThread0" daemon [_thread_in_native, id=5928, stack(0x000000535dd00000,0x000000535de00000) (1024K)]


Current CompileTask:
C2:    552  944       4       jdk.internal.org.objectweb.asm.SymbolTable::addConstantUtf8 (98 bytes)

Stack: [0x000000535dd00000,0x000000535de00000]
Native frames: (J=compiled Java code, j=interpreted, Vv=VM code, C=native code)
V  [jvm.dll+0x6ce539]
V  [jvm.dll+0x85bf03]
V  [jvm.dll+0x85e45e]
V  [jvm.dll+0x85eb43]
V  [jvm.dll+0x27dd06]
V  [jvm.dll+0xbf9cd]
V  [jvm.dll+0xbff03]
V  [jvm.dll+0x3b4db1]
V  [jvm.dll+0x380f07]
V  [jvm.dll+0x38037a]
V  [jvm.dll+0x2473f2]
V  [jvm.dll+0x2469c1]
V  [jvm.dll+0x1c58a4]
V  [jvm.dll+0x255fec]
V  [jvm.dll+0x254536]
V  [jvm.dll+0x3efab6]
V  [jvm.dll+0x804418]
V  [jvm.dll+0x6cce0d]
C  [ucrtbase.dll+0x21bb2]
C  [KERNEL32.DLL+0x17374]
C  [ntdll.dll+0x4cc91]


---------------  P R O C E S S  ---------------

Threads class SMR info:
_java_thread_list=0x000001ec978c12c0, length=16, elements={
0x000001ecf677c8b0, 0x000001ec9705c930, 0x000001ec9705d750, 0x000001ec97079890,
0x000001ec9707c300, 0x000001ec970678d0, 0x000001ec97068330, 0x000001ec970690c0,
0x000001ec97086d80, 0x000001ec9721fd80, 0x000001ec97226410, 0x000001ec9786f8a0,
0x000001ec97562d90, 0x000001ec978b2bd0, 0x000001ec97945540, 0x000001ec979b09f0
}

Java Threads: ( => current thread )
  0x000001ecf677c8b0 JavaThread "main"                              [_thread_blocked, id=18464, stack(0x000000535cf00000,0x000000535d000000) (1024K)]
  0x000001ec9705c930 JavaThread "Reference Handler"          daemon [_thread_blocked, id=12120, stack(0x000000535d700000,0x000000535d800000) (1024K)]
  0x000001ec9705d750 JavaThread "Finalizer"                  daemon [_thread_blocked, id=10604, stack(0x000000535d800000,0x000000535d900000) (1024K)]
  0x000001ec97079890 JavaThread "Signal Dispatcher"          daemon [_thread_blocked, id=2480, stack(0x000000535d900000,0x000000535da00000) (1024K)]
  0x000001ec9707c300 JavaThread "Attach Listener"            daemon [_thread_blocked, id=24164, stack(0x000000535da00000,0x000000535db00000) (1024K)]
  0x000001ec970678d0 JavaThread "Service Thread"             daemon [_thread_blocked, id=14916, stack(0x000000535db00000,0x000000535dc00000) (1024K)]
  0x000001ec97068330 JavaThread "Monitor Deflation Thread"   daemon [_thread_blocked, id=18620, stack(0x000000535dc00000,0x000000535dd00000) (1024K)]
=>0x000001ec970690c0 JavaThread "C2 CompilerThread0"         daemon [_thread_in_native, id=5928, stack(0x000000535dd00000,0x000000535de00000) (1024K)]
  0x000001ec97086d80 JavaThread "C1 CompilerThread0"         daemon [_thread_in_native, id=16800, stack(0x000000535de00000,0x000000535df00000) (1024K)]
  0x000001ec9721fd80 JavaThread "Notification Thread"        daemon [_thread_blocked, id=30200, stack(0x000000535df00000,0x000000535e000000) (1024K)]
  0x000001ec97226410 JavaThread "Common-Cleaner"             daemon [_thread_blocked, id=20956, stack(0x000000535e000000,0x000000535e100000) (1024K)]
  0x000001ec9786f8a0 JavaThread "HttpClient-1-SelectorManager" daemon [_thread_in_native, id=5600, stack(0x000000535e100000,0x000000535e200000) (1024K)]
  0x000001ec97562d90 JavaThread "HttpClient-1-Worker-0"      daemon [_thread_in_Java, id=30208, stack(0x000000535e300000,0x000000535e400000) (1024K)]
  0x000001ec978b2bd0 JavaThread "HttpClient-1-Worker-1"      daemon [_thread_blocked, id=15172, stack(0x000000535e400000,0x000000535e500000) (1024K)]
  0x000001ec97945540 JavaThread "C2 CompilerThread1"         daemon [_thread_in_native, id=856, stack(0x000000535e500000,0x000000535e600000) (1024K)]
  0x000001ec979b09f0 JavaThread "C2 CompilerThread2"         daemon [_thread_in_vm, id=16372, stack(0x000000535e600000,0x000000535e700000) (1024K)]
Total: 16

Other Threads:
  0x000001ec97008070 VMThread "VM Thread"                           [id=10596, stack(0x000000535d600000,0x000000535d700000) (1024K)]
  0x000001ecff845ff0 WatcherThread "VM Periodic Task Thread"        [id=23560, stack(0x000000535d500000,0x000000535d600000) (1024K)]
  0x000001ecf8a54450 WorkerThread "GC Thread#0"                     [id=29252, stack(0x000000535d000000,0x000000535d100000) (1024K)]
  0x000001ecf8a653a0 ConcurrentGCThread "G1 Main Marker"            [id=17152, stack(0x000000535d100000,0x000000535d200000) (1024K)]
  0x000001ecf8a677c0 WorkerThread "G1 Conc#0"                       [id=7856, stack(0x000000535d200000,0x000000535d300000) (1024K)]
  0x000001ecff7181a0 ConcurrentGCThread "G1 Refine#0"               [id=14000, stack(0x000000535d300000,0x000000535d400000) (1024K)]
  0x000001ecff718c20 ConcurrentGCThread "G1 Service"                [id=25892, stack(0x000000535d400000,0x000000535d500000) (1024K)]
Total: 7

Threads with active compile tasks:
C2 CompilerThread0      587  944       4       jdk.internal.org.objectweb.asm.SymbolTable::addConstantUtf8 (98 bytes)
C2 CompilerThread1      587 1030       4       sun.security.util.math.intpoly.IntegerPolynomial::multByInt (30 bytes)
C2 CompilerThread2      587 1026       4       sun.security.util.math.intpoly.IntegerPolynomial::conditionalAssign (45 bytes)
Total: 3

VM state: not at safepoint (normal execution)

VM Mutex/Monitor currently owned by a thread: None

Heap address: 0x0000000702000000, size: 4064 MB, Compressed Oops mode: Zero based, Oop shift amount: 3

CDS archive(s) not mapped
Compressed class space mapped at: 0x0000000800000000-0x0000000840000000, reserved size: 1073741824
Narrow klass base: 0x0000000800000000, Narrow klass shift: 0, Narrow klass range: 0x40000000

GC Precious Log:
 CardTable entry size: 512
 Card Set container configuration: InlinePtr #cards 4 size 8 Array Of Cards #cards 16 size 48 Howl #buckets 8 coarsen threshold 3686 Howl Bitmap #cards 512 size 80 coarsen threshold 460 Card regions per heap region 1 cards per card region 4096
 CPUs: 8 total, 8 available
 Memory: 16255M
 Large Page Support: Disabled
 NUMA Support: Disabled
 Compressed Oops: Enabled (Zero based)
 Heap Region Size: 2M
 Heap Min Capacity: 8M
 Heap Initial Capacity: 254M
 Heap Max Capacity: 4064M
 Pre-touch: Disabled
 Parallel Workers: 8
 Concurrent Workers: 2
 Concurrent Refinement Workers: 8
 Periodic GC: Disabled

Heap:
 garbage-first heap   total 260096K, used 12288K [0x0000000702000000, 0x0000000800000000)
  region size 2048K, 7 young (14336K), 0 survivors (0K)
 Metaspace       used 15607K, committed 15808K, reserved 1114112K
  class space    used 1633K, committed 1728K, reserved 1048576K

Heap Regions: E=young(eden), S=young(survivor), O=old, HS=humongous(starts), HC=humongous(continues), CS=collection set, F=free, TAMS=top-at-mark-start, PB=parsable bottom
|   0|0x0000000702000000, 0x0000000702000000, 0x0000000702200000|  0%| F|  |TAMS 0x0000000702000000| PB 0x0000000702000000| Untracked 
|   1|0x0000000702200000, 0x0000000702200000, 0x0000000702400000|  0%| F|  |TAMS 0x0000000702200000| PB 0x0000000702200000| Untracked 
|   2|0x0000000702400000, 0x0000000702400000, 0x0000000702600000|  0%| F|  |TAMS 0x0000000702400000| PB 0x0000000702400000| Untracked 
|   3|0x0000000702600000, 0x0000000702600000, 0x0000000702800000|  0%| F|  |TAMS 0x0000000702600000| PB 0x0000000702600000| Untracked 
|   4|0x0000000702800000, 0x0000000702800000, 0x0000000702a00000|  0%| F|  |TAMS 0x0000000702800000| PB 0x0000000702800000| Untracked 
|   5|0x0000000702a00000, 0x0000000702a00000, 0x0000000702c00000|  0%| F|  |TAMS 0x0000000702a00000| PB 0x0000000702a00000| Untracked 
|   6|0x0000000702c00000, 0x0000000702c00000, 0x0000000702e00000|  0%| F|  |TAMS 0x0000000702c00000| PB 0x0000000702c00000| Untracked 
|   7|0x0000000702e00000, 0x0000000702e00000, 0x0000000703000000|  0%| F|  |TAMS 0x0000000702e00000| PB 0x0000000702e00000| Untracked 
|   8|0x0000000703000000, 0x0000000703000000, 0x0000000703200000|  0%| F|  |TAMS 0x0000000703000000| PB 0x0000000703000000| Untracked 
|   9|0x0000000703200000, 0x0000000703200000, 0x0000000703400000|  0%| F|  |TAMS 0x0000000703200000| PB 0x0000000703200000| Untracked 
|  10|0x0000000703400000, 0x0000000703400000, 0x0000000703600000|  0%| F|  |TAMS 0x0000000703400000| PB 0x0000000703400000| Untracked 
|  11|0x0000000703600000, 0x0000000703600000, 0x0000000703800000|  0%| F|  |TAMS 0x0000000703600000| PB 0x0000000703600000| Untracked 
|  12|0x0000000703800000, 0x0000000703800000, 0x0000000703a00000|  0%| F|  |TAMS 0x0000000703800000| PB 0x0000000703800000| Untracked 
|  13|0x0000000703a00000, 0x0000000703a00000, 0x0000000703c00000|  0%| F|  |TAMS 0x0000000703a00000| PB 0x0000000703a00000| Untracked 
|  14|0x0000000703c00000, 0x0000000703c00000, 0x0000000703e00000|  0%| F|  |TAMS 0x0000000703c00000| PB 0x0000000703c00000| Untracked 
|  15|0x0000000703e00000, 0x0000000703e00000, 0x0000000704000000|  0%| F|  |TAMS 0x0000000703e00000| PB 0x0000000703e00000| Untracked 
|  16|0x0000000704000000, 0x0000000704000000, 0x0000000704200000|  0%| F|  |TAMS 0x0000000704000000| PB 0x0000000704000000| Untracked 
|  17|0x0000000704200000, 0x0000000704200000, 0x0000000704400000|  0%| F|  |TAMS 0x0000000704200000| PB 0x0000000704200000| Untracked 
|  18|0x0000000704400000, 0x0000000704400000, 0x0000000704600000|  0%| F|  |TAMS 0x0000000704400000| PB 0x0000000704400000| Untracked 
|  19|0x0000000704600000, 0x0000000704600000, 0x0000000704800000|  0%| F|  |TAMS 0x0000000704600000| PB 0x0000000704600000| Untracked 
|  20|0x0000000704800000, 0x0000000704800000, 0x0000000704a00000|  0%| F|  |TAMS 0x0000000704800000| PB 0x0000000704800000| Untracked 
|  21|0x0000000704a00000, 0x0000000704a00000, 0x0000000704c00000|  0%| F|  |TAMS 0x0000000704a00000| PB 0x0000000704a00000| Untracked 
|  22|0x0000000704c00000, 0x0000000704c00000, 0x0000000704e00000|  0%| F|  |TAMS 0x0000000704c00000| PB 0x0000000704c00000| Untracked 
|  23|0x0000000704e00000, 0x0000000704e00000, 0x0000000705000000|  0%| F|  |TAMS 0x0000000704e00000| PB 0x0000000704e00000| Untracked 
|  24|0x0000000705000000, 0x0000000705000000, 0x0000000705200000|  0%| F|  |TAMS 0x0000000705000000| PB 0x0000000705000000| Untracked 
|  25|0x0000000705200000, 0x0000000705200000, 0x0000000705400000|  0%| F|  |TAMS 0x0000000705200000| PB 0x0000000705200000| Untracked 
|  26|0x0000000705400000, 0x0000000705400000, 0x0000000705600000|  0%| F|  |TAMS 0x0000000705400000| PB 0x0000000705400000| Untracked 
|  27|0x0000000705600000, 0x0000000705600000, 0x0000000705800000|  0%| F|  |TAMS 0x0000000705600000| PB 0x0000000705600000| Untracked 
|  28|0x0000000705800000, 0x0000000705800000, 0x0000000705a00000|  0%| F|  |TAMS 0x0000000705800000| PB 0x0000000705800000| Untracked 
|  29|0x0000000705a00000, 0x0000000705a00000, 0x0000000705c00000|  0%| F|  |TAMS 0x0000000705a00000| PB 0x0000000705a00000| Untracked 
|  30|0x0000000705c00000, 0x0000000705c00000, 0x0000000705e00000|  0%| F|  |TAMS 0x0000000705c00000| PB 0x0000000705c00000| Untracked 
|  31|0x0000000705e00000, 0x0000000705e00000, 0x0000000706000000|  0%| F|  |TAMS 0x0000000705e00000| PB 0x0000000705e00000| Untracked 
|  32|0x0000000706000000, 0x0000000706000000, 0x0000000706200000|  0%| F|  |TAMS 0x0000000706000000| PB 0x0000000706000000| Untracked 
|  33|0x0000000706200000, 0x0000000706200000, 0x0000000706400000|  0%| F|  |TAMS 0x0000000706200000| PB 0x0000000706200000| Untracked 
|  34|0x0000000706400000, 0x0000000706400000, 0x0000000706600000|  0%| F|  |TAMS 0x0000000706400000| PB 0x0000000706400000| Untracked 
|  35|0x0000000706600000, 0x0000000706600000, 0x0000000706800000|  0%| F|  |TAMS 0x0000000706600000| PB 0x0000000706600000| Untracked 
|  36|0x0000000706800000, 0x0000000706800000, 0x0000000706a00000|  0%| F|  |TAMS 0x0000000706800000| PB 0x0000000706800000| Untracked 
|  37|0x0000000706a00000, 0x0000000706a00000, 0x0000000706c00000|  0%| F|  |TAMS 0x0000000706a00000| PB 0x0000000706a00000| Untracked 
|  38|0x0000000706c00000, 0x0000000706c00000, 0x0000000706e00000|  0%| F|  |TAMS 0x0000000706c00000| PB 0x0000000706c00000| Untracked 
|  39|0x0000000706e00000, 0x0000000706e00000, 0x0000000707000000|  0%| F|  |TAMS 0x0000000706e00000| PB 0x0000000706e00000| Untracked 
|  40|0x0000000707000000, 0x0000000707000000, 0x0000000707200000|  0%| F|  |TAMS 0x0000000707000000| PB 0x0000000707000000| Untracked 
|  41|0x0000000707200000, 0x0000000707200000, 0x0000000707400000|  0%| F|  |TAMS 0x0000000707200000| PB 0x0000000707200000| Untracked 
|  42|0x0000000707400000, 0x0000000707400000, 0x0000000707600000|  0%| F|  |TAMS 0x0000000707400000| PB 0x0000000707400000| Untracked 
|  43|0x0000000707600000, 0x0000000707600000, 0x0000000707800000|  0%| F|  |TAMS 0x0000000707600000| PB 0x0000000707600000| Untracked 
|  44|0x0000000707800000, 0x0000000707800000, 0x0000000707a00000|  0%| F|  |TAMS 0x0000000707800000| PB 0x0000000707800000| Untracked 
|  45|0x0000000707a00000, 0x0000000707a00000, 0x0000000707c00000|  0%| F|  |TAMS 0x0000000707a00000| PB 0x0000000707a00000| Untracked 
|  46|0x0000000707c00000, 0x0000000707c00000, 0x0000000707e00000|  0%| F|  |TAMS 0x0000000707c00000| PB 0x0000000707c00000| Untracked 
|  47|0x0000000707e00000, 0x0000000707e00000, 0x0000000708000000|  0%| F|  |TAMS 0x0000000707e00000| PB 0x0000000707e00000| Untracked 
|  48|0x0000000708000000, 0x0000000708000000, 0x0000000708200000|  0%| F|  |TAMS 0x0000000708000000| PB 0x0000000708000000| Untracked 
|  49|0x0000000708200000, 0x0000000708200000, 0x0000000708400000|  0%| F|  |TAMS 0x0000000708200000| PB 0x0000000708200000| Untracked 
|  50|0x0000000708400000, 0x0000000708400000, 0x0000000708600000|  0%| F|  |TAMS 0x0000000708400000| PB 0x0000000708400000| Untracked 
|  51|0x0000000708600000, 0x0000000708600000, 0x0000000708800000|  0%| F|  |TAMS 0x0000000708600000| PB 0x0000000708600000| Untracked 
|  52|0x0000000708800000, 0x0000000708800000, 0x0000000708a00000|  0%| F|  |TAMS 0x0000000708800000| PB 0x0000000708800000| Untracked 
|  53|0x0000000708a00000, 0x0000000708a00000, 0x0000000708c00000|  0%| F|  |TAMS 0x0000000708a00000| PB 0x0000000708a00000| Untracked 
|  54|0x0000000708c00000, 0x0000000708c00000, 0x0000000708e00000|  0%| F|  |TAMS 0x0000000708c00000| PB 0x0000000708c00000| Untracked 
|  55|0x0000000708e00000, 0x0000000708e00000, 0x0000000709000000|  0%| F|  |TAMS 0x0000000708e00000| PB 0x0000000708e00000| Untracked 
|  56|0x0000000709000000, 0x0000000709000000, 0x0000000709200000|  0%| F|  |TAMS 0x0000000709000000| PB 0x0000000709000000| Untracked 
|  57|0x0000000709200000, 0x0000000709200000, 0x0000000709400000|  0%| F|  |TAMS 0x0000000709200000| PB 0x0000000709200000| Untracked 
|  58|0x0000000709400000, 0x0000000709400000, 0x0000000709600000|  0%| F|  |TAMS 0x0000000709400000| PB 0x0000000709400000| Untracked 
|  59|0x0000000709600000, 0x0000000709600000, 0x0000000709800000|  0%| F|  |TAMS 0x0000000709600000| PB 0x0000000709600000| Untracked 
|  60|0x0000000709800000, 0x0000000709800000, 0x0000000709a00000|  0%| F|  |TAMS 0x0000000709800000| PB 0x0000000709800000| Untracked 
|  61|0x0000000709a00000, 0x0000000709a00000, 0x0000000709c00000|  0%| F|  |TAMS 0x0000000709a00000| PB 0x0000000709a00000| Untracked 
|  62|0x0000000709c00000, 0x0000000709c00000, 0x0000000709e00000|  0%| F|  |TAMS 0x0000000709c00000| PB 0x0000000709c00000| Untracked 
|  63|0x0000000709e00000, 0x0000000709e00000, 0x000000070a000000|  0%| F|  |TAMS 0x0000000709e00000| PB 0x0000000709e00000| Untracked 
|  64|0x000000070a000000, 0x000000070a000000, 0x000000070a200000|  0%| F|  |TAMS 0x000000070a000000| PB 0x000000070a000000| Untracked 
|  65|0x000000070a200000, 0x000000070a200000, 0x000000070a400000|  0%| F|  |TAMS 0x000000070a200000| PB 0x000000070a200000| Untracked 
|  66|0x000000070a400000, 0x000000070a400000, 0x000000070a600000|  0%| F|  |TAMS 0x000000070a400000| PB 0x000000070a400000| Untracked 
|  67|0x000000070a600000, 0x000000070a600000, 0x000000070a800000|  0%| F|  |TAMS 0x000000070a600000| PB 0x000000070a600000| Untracked 
|  68|0x000000070a800000, 0x000000070a800000, 0x000000070aa00000|  0%| F|  |TAMS 0x000000070a800000| PB 0x000000070a800000| Untracked 
|  69|0x000000070aa00000, 0x000000070aa00000, 0x000000070ac00000|  0%| F|  |TAMS 0x000000070aa00000| PB 0x000000070aa00000| Untracked 
|  70|0x000000070ac00000, 0x000000070ac00000, 0x000000070ae00000|  0%| F|  |TAMS 0x000000070ac00000| PB 0x000000070ac00000| Untracked 
|  71|0x000000070ae00000, 0x000000070ae00000, 0x000000070b000000|  0%| F|  |TAMS 0x000000070ae00000| PB 0x000000070ae00000| Untracked 
|  72|0x000000070b000000, 0x000000070b000000, 0x000000070b200000|  0%| F|  |TAMS 0x000000070b000000| PB 0x000000070b000000| Untracked 
|  73|0x000000070b200000, 0x000000070b200000, 0x000000070b400000|  0%| F|  |TAMS 0x000000070b200000| PB 0x000000070b200000| Untracked 
|  74|0x000000070b400000, 0x000000070b400000, 0x000000070b600000|  0%| F|  |TAMS 0x000000070b400000| PB 0x000000070b400000| Untracked 
|  75|0x000000070b600000, 0x000000070b600000, 0x000000070b800000|  0%| F|  |TAMS 0x000000070b600000| PB 0x000000070b600000| Untracked 
|  76|0x000000070b800000, 0x000000070b800000, 0x000000070ba00000|  0%| F|  |TAMS 0x000000070b800000| PB 0x000000070b800000| Untracked 
|  77|0x000000070ba00000, 0x000000070ba00000, 0x000000070bc00000|  0%| F|  |TAMS 0x000000070ba00000| PB 0x000000070ba00000| Untracked 
|  78|0x000000070bc00000, 0x000000070bc00000, 0x000000070be00000|  0%| F|  |TAMS 0x000000070bc00000| PB 0x000000070bc00000| Untracked 
|  79|0x000000070be00000, 0x000000070be00000, 0x000000070c000000|  0%| F|  |TAMS 0x000000070be00000| PB 0x000000070be00000| Untracked 
|  80|0x000000070c000000, 0x000000070c000000, 0x000000070c200000|  0%| F|  |TAMS 0x000000070c000000| PB 0x000000070c000000| Untracked 
|  81|0x000000070c200000, 0x000000070c200000, 0x000000070c400000|  0%| F|  |TAMS 0x000000070c200000| PB 0x000000070c200000| Untracked 
|  82|0x000000070c400000, 0x000000070c400000, 0x000000070c600000|  0%| F|  |TAMS 0x000000070c400000| PB 0x000000070c400000| Untracked 
|  83|0x000000070c600000, 0x000000070c600000, 0x000000070c800000|  0%| F|  |TAMS 0x000000070c600000| PB 0x000000070c600000| Untracked 
|  84|0x000000070c800000, 0x000000070c800000, 0x000000070ca00000|  0%| F|  |TAMS 0x000000070c800000| PB 0x000000070c800000| Untracked 
|  85|0x000000070ca00000, 0x000000070ca00000, 0x000000070cc00000|  0%| F|  |TAMS 0x000000070ca00000| PB 0x000000070ca00000| Untracked 
|  86|0x000000070cc00000, 0x000000070cc00000, 0x000000070ce00000|  0%| F|  |TAMS 0x000000070cc00000| PB 0x000000070cc00000| Untracked 
|  87|0x000000070ce00000, 0x000000070ce00000, 0x000000070d000000|  0%| F|  |TAMS 0x000000070ce00000| PB 0x000000070ce00000| Untracked 
|  88|0x000000070d000000, 0x000000070d000000, 0x000000070d200000|  0%| F|  |TAMS 0x000000070d000000| PB 0x000000070d000000| Untracked 
|  89|0x000000070d200000, 0x000000070d200000, 0x000000070d400000|  0%| F|  |TAMS 0x000000070d200000| PB 0x000000070d200000| Untracked 
|  90|0x000000070d400000, 0x000000070d400000, 0x000000070d600000|  0%| F|  |TAMS 0x000000070d400000| PB 0x000000070d400000| Untracked 
|  91|0x000000070d600000, 0x000000070d600000, 0x000000070d800000|  0%| F|  |TAMS 0x000000070d600000| PB 0x000000070d600000| Untracked 
|  92|0x000000070d800000, 0x000000070d800000, 0x000000070da00000|  0%| F|  |TAMS 0x000000070d800000| PB 0x000000070d800000| Untracked 
|  93|0x000000070da00000, 0x000000070da00000, 0x000000070dc00000|  0%| F|  |TAMS 0x000000070da00000| PB 0x000000070da00000| Untracked 
|  94|0x000000070dc00000, 0x000000070dc00000, 0x000000070de00000|  0%| F|  |TAMS 0x000000070dc00000| PB 0x000000070dc00000| Untracked 
|  95|0x000000070de00000, 0x000000070de00000, 0x000000070e000000|  0%| F|  |TAMS 0x000000070de00000| PB 0x000000070de00000| Untracked 
|  96|0x000000070e000000, 0x000000070e000000, 0x000000070e200000|  0%| F|  |TAMS 0x000000070e000000| PB 0x000000070e000000| Untracked 
|  97|0x000000070e200000, 0x000000070e200000, 0x000000070e400000|  0%| F|  |TAMS 0x000000070e200000| PB 0x000000070e200000| Untracked 
|  98|0x000000070e400000, 0x000000070e400000, 0x000000070e600000|  0%| F|  |TAMS 0x000000070e400000| PB 0x000000070e400000| Untracked 
|  99|0x000000070e600000, 0x000000070e600000, 0x000000070e800000|  0%| F|  |TAMS 0x000000070e600000| PB 0x000000070e600000| Untracked 
| 100|0x000000070e800000, 0x000000070e800000, 0x000000070ea00000|  0%| F|  |TAMS 0x000000070e800000| PB 0x000000070e800000| Untracked 
| 101|0x000000070ea00000, 0x000000070ea00000, 0x000000070ec00000|  0%| F|  |TAMS 0x000000070ea00000| PB 0x000000070ea00000| Untracked 
| 102|0x000000070ec00000, 0x000000070ec00000, 0x000000070ee00000|  0%| F|  |TAMS 0x000000070ec00000| PB 0x000000070ec00000| Untracked 
| 103|0x000000070ee00000, 0x000000070ee00000, 0x000000070f000000|  0%| F|  |TAMS 0x000000070ee00000| PB 0x000000070ee00000| Untracked 
| 104|0x000000070f000000, 0x000000070f000000, 0x000000070f200000|  0%| F|  |TAMS 0x000000070f000000| PB 0x000000070f000000| Untracked 
| 105|0x000000070f200000, 0x000000070f200000, 0x000000070f400000|  0%| F|  |TAMS 0x000000070f200000| PB 0x000000070f200000| Untracked 
| 106|0x000000070f400000, 0x000000070f400000, 0x000000070f600000|  0%| F|  |TAMS 0x000000070f400000| PB 0x000000070f400000| Untracked 
| 107|0x000000070f600000, 0x000000070f600000, 0x000000070f800000|  0%| F|  |TAMS 0x000000070f600000| PB 0x000000070f600000| Untracked 
| 108|0x000000070f800000, 0x000000070f800000, 0x000000070fa00000|  0%| F|  |TAMS 0x000000070f800000| PB 0x000000070f800000| Untracked 
| 109|0x000000070fa00000, 0x000000070fa00000, 0x000000070fc00000|  0%| F|  |TAMS 0x000000070fa00000| PB 0x000000070fa00000| Untracked 
| 110|0x000000070fc00000, 0x000000070fc00000, 0x000000070fe00000|  0%| F|  |TAMS 0x000000070fc00000| PB 0x000000070fc00000| Untracked 
| 111|0x000000070fe00000, 0x000000070fe00000, 0x0000000710000000|  0%| F|  |TAMS 0x000000070fe00000| PB 0x000000070fe00000| Untracked 
| 112|0x0000000710000000, 0x0000000710000000, 0x0000000710200000|  0%| F|  |TAMS 0x0000000710000000| PB 0x0000000710000000| Untracked 
| 113|0x0000000710200000, 0x0000000710200000, 0x0000000710400000|  0%| F|  |TAMS 0x0000000710200000| PB 0x0000000710200000| Untracked 
| 114|0x0000000710400000, 0x0000000710400000, 0x0000000710600000|  0%| F|  |TAMS 0x0000000710400000| PB 0x0000000710400000| Untracked 
| 115|0x0000000710600000, 0x0000000710600000, 0x0000000710800000|  0%| F|  |TAMS 0x0000000710600000| PB 0x0000000710600000| Untracked 
| 116|0x0000000710800000, 0x0000000710800000, 0x0000000710a00000|  0%| F|  |TAMS 0x0000000710800000| PB 0x0000000710800000| Untracked 
| 117|0x0000000710a00000, 0x0000000710a00000, 0x0000000710c00000|  0%| F|  |TAMS 0x0000000710a00000| PB 0x0000000710a00000| Untracked 
| 118|0x0000000710c00000, 0x0000000710c00000, 0x0000000710e00000|  0%| F|  |TAMS 0x0000000710c00000| PB 0x0000000710c00000| Untracked 
| 119|0x0000000710e00000, 0x0000000710e00000, 0x0000000711000000|  0%| F|  |TAMS 0x0000000710e00000| PB 0x0000000710e00000| Untracked 
| 120|0x0000000711000000, 0x00000007111c4268, 0x0000000711200000| 88%| E|  |TAMS 0x0000000711000000| PB 0x0000000711000000| Complete 
| 121|0x0000000711200000, 0x0000000711400000, 0x0000000711400000|100%| E|CS|TAMS 0x0000000711200000| PB 0x0000000711200000| Complete 
| 122|0x0000000711400000, 0x0000000711600000, 0x0000000711600000|100%| E|CS|TAMS 0x0000000711400000| PB 0x0000000711400000| Complete 
| 123|0x0000000711600000, 0x0000000711800000, 0x0000000711800000|100%| E|CS|TAMS 0x0000000711600000| PB 0x0000000711600000| Complete 
| 124|0x0000000711800000, 0x0000000711a00000, 0x0000000711a00000|100%| E|CS|TAMS 0x0000000711800000| PB 0x0000000711800000| Complete 
| 125|0x0000000711a00000, 0x0000000711c00000, 0x0000000711c00000|100%| E|CS|TAMS 0x0000000711a00000| PB 0x0000000711a00000| Complete 
| 126|0x0000000711c00000, 0x0000000711e00000, 0x0000000711e00000|100%| E|CS|TAMS 0x0000000711c00000| PB 0x0000000711c00000| Complete 

Card table byte_map: [0x000001ecfc660000,0x000001ecfce50000] _byte_map_base: 0x000001ecf8e50000

Marking Bits: (CMBitMap*) 0x000001ecf8a54b50
 Bits: [0x000001ec8f000000, 0x000001ec92f80000)

Polling page: 0x000001ecf6930000

Metaspace:

Usage:
  Non-class:     13.65 MB used.
      Class:      1.60 MB used.
       Both:     15.25 MB used.

Virtual space:
  Non-class space:       64.00 MB reserved,      13.75 MB ( 21%) committed,  1 nodes.
      Class space:        1.00 GB reserved,       1.69 MB ( <1%) committed,  1 nodes.
             Both:        1.06 GB reserved,      15.44 MB (  1%) committed. 

Chunk freelists:
   Non-Class:  1.94 MB
       Class:  14.22 MB
        Both:  16.16 MB

MaxMetaspaceSize: unlimited
CompressedClassSpaceSize: 1.00 GB
Initial GC threshold: 21.00 MB
Current GC threshold: 21.00 MB
CDS: off
 - commit_granule_bytes: 65536.
 - commit_granule_words: 8192.
 - virtual_space_node_default_size: 8388608.
 - enlarge_chunks_in_place: 1.
 - use_allocation_guard: 0.


Internal statistics:

num_allocs_failed_limit: 0.
num_arena_births: 222.
num_arena_deaths: 0.
num_vsnodes_births: 2.
num_vsnodes_deaths: 0.
num_space_committed: 247.
num_space_uncommitted: 0.
num_chunks_returned_to_freelist: 0.
num_chunks_taken_from_freelist: 394.
num_chunk_merges: 0.
num_chunk_splits: 213.
num_chunks_enlarged: 96.
num_inconsistent_stats: 0.

CodeHeap 'non-profiled nmethods': size=120000Kb used=306Kb max_used=306Kb free=119693Kb
 bounds [0x000001ec87ad0000, 0x000001ec87d40000, 0x000001ec8f000000]
CodeHeap 'profiled nmethods': size=120000Kb used=1663Kb max_used=1663Kb free=118336Kb
 bounds [0x000001ec80000000, 0x000001ec80270000, 0x000001ec87530000]
CodeHeap 'non-nmethods': size=5760Kb used=1404Kb max_used=1434Kb free=4355Kb
 bounds [0x000001ec87530000, 0x000001ec877a0000, 0x000001ec87ad0000]
 total_blobs=1541 nmethods=1030 adapters=416
 compilation: enabled
              stopped_count=0, restarted_count=0
 full_count=0

Compilation events (20 events):
Event: 0.537 Thread 0x000001ec970690c0  944       4       jdk.internal.org.objectweb.asm.SymbolTable::addConstantUtf8 (98 bytes)
Event: 0.537 Thread 0x000001ec97086d80 nmethod 943 0x000001ec8016cf90 code [0x000001ec8016d120, 0x000001ec8016d228]
Event: 0.537 Thread 0x000001ec97086d80  945       3       java.lang.invoke.DirectMethodHandle::make (275 bytes)
Event: 0.538 Thread 0x000001ec97086d80 nmethod 945 0x000001ec8016d290 code [0x000001ec8016d640, 0x000001ec8016ea78]
Event: 0.538 Thread 0x000001ec97086d80  946       3       java.lang.invoke.MethodTypeForm::cachedLambdaForm (23 bytes)
Event: 0.539 Thread 0x000001ec97086d80 nmethod 946 0x000001ec8016f290 code [0x000001ec8016f460, 0x000001ec8016f7c0]
Event: 0.539 Thread 0x000001ec97086d80  947       3       java.util.EnumSet::of (16 bytes)
Event: 0.539 Thread 0x000001ec97086d80 nmethod 947 0x000001ec8016f910 code [0x000001ec8016fae0, 0x000001ec8016fde0]
Event: 0.539 Thread 0x000001ec97086d80  948       3       sun.security.ssl.SSLAlgorithmConstraints::permits (96 bytes)
Event: 0.539 Thread 0x000001ec97086d80 nmethod 948 0x000001ec8016ff90 code [0x000001ec80170180, 0x000001ec80170688]
Event: 0.539 Thread 0x000001ec97086d80  949       3       java.lang.CharacterDataLatin1::equalsIgnoreCase (63 bytes)
Event: 0.539 Thread 0x000001ec97086d80 nmethod 949 0x000001ec80170810 code [0x000001ec801709c0, 0x000001ec80170cb8]
Event: 0.539 Thread 0x000001ec97086d80  950       3       sun.security.ssl.CipherSuite::isAvailable (52 bytes)
Event: 0.540 Thread 0x000001ec97086d80 nmethod 950 0x000001ec80170d90 code [0x000001ec80170f60, 0x000001ec801712e8]
Event: 0.540 Thread 0x000001ec97086d80  952       3       java.util.Arrays$ArrayList::indexOf (62 bytes)
Event: 0.540 Thread 0x000001ec97086d80 nmethod 952 0x000001ec80171410 code [0x000001ec801715e0, 0x000001ec80171a70]
Event: 0.540 Thread 0x000001ec97086d80  953       3       java.lang.Byte::<init> (10 bytes)
Event: 0.540 Thread 0x000001ec97086d80 nmethod 953 0x000001ec80171c10 code [0x000001ec80171dc0, 0x000001ec80171f88]
Event: 0.540 Thread 0x000001ec97086d80  951       3       java.util.Arrays$ArrayList::contains (14 bytes)
Event: 0.540 Thread 0x000001ec97086d80 nmethod 951 0x000001ec80172090 code [0x000001ec80172240, 0x000001ec801723d8]

GC Heap History (0 events):
No events

Dll operation events (2 events):
Event: 0.008 Loaded shared library C:\Users\MF\AppData\Local\Programs\Android Studio\jbr\bin\java.dll
Event: 0.016 Loaded shared library C:\Users\MF\AppData\Local\Programs\Android Studio\jbr\bin\zip.dll

Deoptimization events (18 events):
Event: 0.261 Thread 0x000001ecf677c8b0 Uncommon trap: trap_request=0xffffff45 fr.pc=0x000001ec87ae07fc relative=0x000000000000007c
Event: 0.261 Thread 0x000001ecf677c8b0 Uncommon trap: reason=unstable_if action=reinterpret pc=0x000001ec87ae07fc method=java.lang.CharacterDataLatin1.toLowerCase(I)I @ 16 c2
Event: 0.261 Thread 0x000001ecf677c8b0 DEOPT PACKING pc=0x000001ec87ae07fc sp=0x000000535cffb090
Event: 0.261 Thread 0x000001ecf677c8b0 DEOPT UNPACKING pc=0x000001ec875846a2 sp=0x000000535cffb020 mode 2
Event: 0.329 Thread 0x000001ecf677c8b0 DEOPT PACKING pc=0x000001ec8003cfa3 sp=0x000000535cffde50
Event: 0.329 Thread 0x000001ecf677c8b0 DEOPT UNPACKING pc=0x000001ec87584e42 sp=0x000000535cffd2e8 mode 0
Event: 0.338 Thread 0x000001ecf677c8b0 Uncommon trap: trap_request=0xffffff45 fr.pc=0x000001ec87aed2b0 relative=0x0000000000000090
Event: 0.338 Thread 0x000001ecf677c8b0 Uncommon trap: reason=unstable_if action=reinterpret pc=0x000001ec87aed2b0 method=jdk.internal.misc.Unsafe.convEndian(ZI)I @ 4 c2
Event: 0.338 Thread 0x000001ecf677c8b0 DEOPT PACKING pc=0x000001ec87aed2b0 sp=0x000000535cffde50
Event: 0.338 Thread 0x000001ecf677c8b0 DEOPT UNPACKING pc=0x000001ec875846a2 sp=0x000000535cffdd80 mode 2
Event: 0.393 Thread 0x000001ecf677c8b0 DEOPT PACKING pc=0x000001ec800178f8 sp=0x000000535cffca30
Event: 0.393 Thread 0x000001ecf677c8b0 DEOPT UNPACKING pc=0x000001ec87584e42 sp=0x000000535cffbe50 mode 0
Event: 0.435 Thread 0x000001ecf677c8b0 DEOPT PACKING pc=0x000001ec800160d8 sp=0x000000535cffc630
Event: 0.435 Thread 0x000001ecf677c8b0 DEOPT UNPACKING pc=0x000001ec87584e42 sp=0x000000535cffba98 mode 0
Event: 0.516 Thread 0x000001ec9786f8a0 Uncommon trap: trap_request=0xffffff45 fr.pc=0x000001ec87aeda08 relative=0x00000000000001c8
Event: 0.516 Thread 0x000001ec9786f8a0 Uncommon trap: reason=unstable_if action=reinterpret pc=0x000001ec87aeda08 method=java.lang.invoke.VarHandle.checkAccessModeThenIsDirect(Ljava/lang/invoke/VarHandle$AccessDescriptor;)Z @ 4 c2
Event: 0.516 Thread 0x000001ec9786f8a0 DEOPT PACKING pc=0x000001ec87aeda08 sp=0x000000535e1fef40
Event: 0.516 Thread 0x000001ec9786f8a0 DEOPT UNPACKING pc=0x000001ec875846a2 sp=0x000000535e1fee78 mode 2

Classes loaded (20 events):
Event: 0.550 Loading class sun/security/ssl/RenegoInfoExtension$CHRenegotiationInfoConsumer done
Event: 0.550 Loading class sun/security/ssl/RenegoInfoExtension$CHRenegotiationInfoAbsence
Event: 0.550 Loading class sun/security/ssl/RenegoInfoExtension$CHRenegotiationInfoAbsence done
Event: 0.550 Loading class sun/security/ssl/RenegoInfoExtension$SHRenegotiationInfoProducer
Event: 0.550 Loading class sun/security/ssl/RenegoInfoExtension$SHRenegotiationInfoProducer done
Event: 0.550 Loading class sun/security/ssl/RenegoInfoExtension$SHRenegotiationInfoConsumer
Event: 0.550 Loading class sun/security/ssl/RenegoInfoExtension$SHRenegotiationInfoConsumer done
Event: 0.550 Loading class sun/security/ssl/RenegoInfoExtension$SHRenegotiationInfoAbsence
Event: 0.550 Loading class sun/security/ssl/RenegoInfoExtension$SHRenegotiationInfoAbsence done
Event: 0.550 Loading class sun/security/ssl/RenegoInfoExtension$RenegotiationInfoStringizer
Event: 0.550 Loading class sun/security/ssl/RenegoInfoExtension$RenegotiationInfoStringizer done
Event: 0.550 Loading class sun/security/ssl/PreSharedKeyExtension
Event: 0.550 Loading class sun/security/ssl/PreSharedKeyExtension done
Event: 0.550 Loading class sun/security/ssl/PreSharedKeyExtension$CHPreSharedKeyProducer
Event: 0.550 Loading class sun/security/ssl/PreSharedKeyExtension$CHPreSharedKeyProducer done
Event: 0.550 Loading class sun/security/ssl/PreSharedKeyExtension$CHPreSharedKeyConsumer
Event: 0.551 Loading class sun/security/ssl/PreSharedKeyExtension$CHPreSharedKeyConsumer done
Event: 0.551 Loading class sun/security/ssl/PreSharedKeyExtension$CHPreSharedKeyOnLoadAbsence
Event: 0.551 Loading class sun/security/ssl/PreSharedKeyExtension$CHPreSharedKeyOnLoadAbsence done
Event: 0.551 Loading class sun/security/ssl/PreSharedKeyExtension$CHPreSharedKeyUpdate

Classes unloaded (0 events):
No events

Classes redefined (0 events):
No events

Internal exceptions (20 events):
Event: 0.380 Thread 0x000001ecf677c8b0 Exception <a 'java/lang/NoSuchMethodError'{0x00000007116a8b80}: 'int java.lang.invoke.DirectMethodHandle$Holder.invokeVirtual(java.lang.Object, java.lang.Object)'> (0x00000007116a8b80) 
thrown [s\src\hotspot\share\interpreter\linkResolver.cpp, line 784]
Event: 0.380 Thread 0x000001ecf677c8b0 Exception <a 'java/lang/NoSuchMethodError'{0x00000007116acf28}: 'int java.lang.invoke.DirectMethodHandle$Holder.invokeStaticInit(java.lang.Object, int, int)'> (0x00000007116acf28) 
thrown [s\src\hotspot\share\interpreter\linkResolver.cpp, line 784]
Event: 0.382 Thread 0x000001ecf677c8b0 Exception <a 'java/lang/NoSuchMethodError'{0x00000007116b4538}: 'int java.lang.invoke.DirectMethodHandle$Holder.invokeStaticInit(java.lang.Object, long, long)'> (0x00000007116b4538) 
thrown [s\src\hotspot\share\interpreter\linkResolver.cpp, line 784]
Event: 0.382 Thread 0x000001ecf677c8b0 Exception <a 'java/lang/NoSuchMethodError'{0x00000007116bafd0}: 'int java.lang.invoke.DirectMethodHandle$Holder.invokeStaticInit(java.lang.Object, float, float)'> (0x00000007116bafd0) 
thrown [s\src\hotspot\share\interpreter\linkResolver.cpp, line 784]
Event: 0.383 Thread 0x000001ecf677c8b0 Exception <a 'java/lang/NoSuchMethodError'{0x00000007116c1a60}: 'int java.lang.invoke.DirectMethodHandle$Holder.invokeStaticInit(java.lang.Object, double, double)'> (0x00000007116c1a60) 
thrown [s\src\hotspot\share\interpreter\linkResolver.cpp, line 784]
Event: 0.383 Thread 0x000001ecf677c8b0 Exception <a 'java/lang/NoSuchMethodError'{0x00000007116c6210}: 'int java.lang.invoke.DirectMethodHandle$Holder.invokeStatic(java.lang.Object, long)'> (0x00000007116c6210) 
thrown [s\src\hotspot\share\interpreter\linkResolver.cpp, line 784]
Event: 0.388 Thread 0x000001ecf677c8b0 Exception <a 'java/lang/NoSuchMethodError'{0x00000007116f3230}: 'java.lang.Object java.lang.invoke.DelegatingMethodHandle$Holder.delegate(java.lang.Object, int, java.lang.Object, java.lang.Object)'> (0x00000007116f3230) 
thrown [s\src\hotspot\share\interpreter\linkResolver.cpp, line 784]
Event: 0.390 Thread 0x000001ecf677c8b0 Exception <a 'java/lang/NoSuchMethodError'{0x0000000711702550}: 'int java.lang.invoke.Invokers$Holder.linkToTargetMethod(java.lang.Object, java.lang.Object, java.lang.Object)'> (0x0000000711702550) 
thrown [s\src\hotspot\share\interpreter\linkResolver.cpp, line 784]
Event: 0.393 Thread 0x000001ecf677c8b0 Exception <a 'java/lang/NoSuchMethodError'{0x0000000711731430}: 'long java.lang.invoke.DirectMethodHandle$Holder.invokeSpecial(java.lang.Object, java.lang.Object)'> (0x0000000711731430) 
thrown [s\src\hotspot\share\interpreter\linkResolver.cpp, line 784]
Event: 0.394 Thread 0x000001ecf677c8b0 Exception <a 'java/lang/NoSuchMethodError'{0x0000000711737d00}: 'int java.lang.invoke.DirectMethodHandle$Holder.invokeStatic(java.lang.Object, java.lang.Object, java.lang.Object, java.lang.Object)'> (0x0000000711737d00) 
thrown [s\src\hotspot\share\interpreter\linkResolver.cpp, line 784]
Event: 0.395 Thread 0x000001ecf677c8b0 Exception <a 'java/lang/NoSuchMethodError'{0x000000071173b120}: 'java.lang.Object java.lang.invoke.Invokers$Holder.invokeExact_MT(java.lang.Object, java.lang.Object, java.lang.Object, java.lang.Object, java.lang.Object, java.lang.Object)'> (0x000000071173b120) 
thrown [s\src\hotspot\share\interpreter\linkResolver.cpp, line 784]
Event: 0.472 Thread 0x000001ecf677c8b0 Exception <a 'java/lang/NoSuchMethodError'{0x0000000711518eb0}: 'java.lang.Object java.lang.invoke.DirectMethodHandle$Holder.newInvokeSpecial(java.lang.Object, java.lang.Object, java.lang.Object, java.lang.Object, java.lang.Object)'> (0x0000000711518eb0) 
thrown [s\src\hotspot\share\interpreter\linkResolver.cpp, line 784]
Event: 0.499 Thread 0x000001ecf677c8b0 Exception <a 'java/lang/NoSuchMethodError'{0x00000007112de5d0}: 'java.lang.Object java.lang.invoke.DirectMethodHandle$Holder.invokeSpecial(java.lang.Object, java.lang.Object, java.lang.Object, java.lang.Object, int)'> (0x00000007112de5d0) 
thrown [s\src\hotspot\share\interpreter\linkResolver.cpp, line 784]
Event: 0.499 Thread 0x000001ecf677c8b0 Exception <a 'java/lang/NoSuchMethodError'{0x00000007112e1f38}: 'java.lang.Object java.lang.invoke.Invokers$Holder.linkToTargetMethod(java.lang.Object, java.lang.Object, int, java.lang.Object)'> (0x00000007112e1f38) 
thrown [s\src\hotspot\share\interpreter\linkResolver.cpp, line 784]
Event: 0.505 Thread 0x000001ecf677c8b0 Exception <a 'java/lang/NoSuchMethodError'{0x000000071130d958}: 'void java.lang.invoke.DirectMethodHandle$Holder.invokeSpecial(java.lang.Object, java.lang.Object, java.lang.Object)'> (0x000000071130d958) 
thrown [s\src\hotspot\share\interpreter\linkResolver.cpp, line 784]
Event: 0.516 Thread 0x000001ecf677c8b0 Exception <a 'java/lang/NoSuchMethodError'{0x00000007113856f8}: 'void java.lang.invoke.DirectMethodHandle$Holder.invokeSpecial(java.lang.Object, java.lang.Object, java.lang.Object, java.lang.Object, java.lang.Object)'> (0x00000007113856f8) 
thrown [s\src\hotspot\share\interpreter\linkResolver.cpp, line 784]
Event: 0.518 Thread 0x000001ec9786f8a0 Exception <a 'java/lang/NoSuchMethodError'{0x0000000711570e00}: 'void java.lang.invoke.DirectMethodHandle$Holder.invokeStatic(java.lang.Object, java.lang.Object, int)'> (0x0000000711570e00) 
thrown [s\src\hotspot\share\interpreter\linkResolver.cpp, line 784]
Event: 0.526 Thread 0x000001ec9786f8a0 Exception <a 'java/lang/NoSuchMethodError'{0x00000007115aa790}: 'void java.lang.invoke.DirectMethodHandle$Holder.invokeStatic(java.lang.Object, java.lang.Object)'> (0x00000007115aa790) 
thrown [s\src\hotspot\share\interpreter\linkResolver.cpp, line 784]
Event: 0.527 Thread 0x000001ec97562d90 Exception <a 'java/lang/NoSuchMethodError'{0x00000007113fa950}: 'void java.lang.invoke.DirectMethodHandle$Holder.invokeInterface(java.lang.Object, java.lang.Object, java.lang.Object)'> (0x00000007113fa950) 
thrown [s\src\hotspot\share\interpreter\linkResolver.cpp, line 784]
Event: 0.532 Thread 0x000001ec97562d90 Exception <a 'java/lang/NoSuchMethodError'{0x0000000711044550}: 'void java.lang.invoke.DirectMethodHandle$Holder.invokeVirtual(java.lang.Object, java.lang.Object)'> (0x0000000711044550) 
thrown [s\src\hotspot\share\interpreter\linkResolver.cpp, line 784]

ZGC Phase Switch (0 events):
No events

VM Operations (6 events):
Event: 0.138 Executing VM operation: HandshakeAllThreads (Deoptimize)
Event: 0.138 Executing VM operation: HandshakeAllThreads (Deoptimize) done
Event: 0.149 Executing VM operation: HandshakeAllThreads (Deoptimize)
Event: 0.149 Executing VM operation: HandshakeAllThreads (Deoptimize) done
Event: 0.316 Executing VM operation: HandshakeAllThreads (Deoptimize)
Event: 0.316 Executing VM operation: HandshakeAllThreads (Deoptimize) done

Memory protections (0 events):
No events

Nmethod flushes (0 events):
No events

Events (19 events):
Event: 0.015 Thread 0x000001ecf677c8b0 Thread added: 0x000001ecf677c8b0
Event: 0.069 Thread 0x000001ecf677c8b0 Thread added: 0x000001ec9705c930
Event: 0.070 Thread 0x000001ecf677c8b0 Thread added: 0x000001ec9705d750
Event: 0.071 Thread 0x000001ecf677c8b0 Thread added: 0x000001ec97079890
Event: 0.071 Thread 0x000001ecf677c8b0 Thread added: 0x000001ec9707c300
Event: 0.071 Thread 0x000001ecf677c8b0 Thread added: 0x000001ec970678d0
Event: 0.072 Thread 0x000001ecf677c8b0 Thread added: 0x000001ec97068330
Event: 0.072 Thread 0x000001ecf677c8b0 Thread added: 0x000001ec970690c0
Event: 0.072 Thread 0x000001ecf677c8b0 Thread added: 0x000001ec97086d80
Event: 0.105 Thread 0x000001ecf677c8b0 Thread added: 0x000001ec9721fd80
Event: 0.112 Thread 0x000001ecf677c8b0 Thread added: 0x000001ec97226410
Event: 0.120 Loaded shared library C:\Users\MF\AppData\Local\Programs\Android Studio\jbr\bin\net.dll
Event: 0.123 Loaded shared library C:\Users\MF\AppData\Local\Programs\Android Studio\jbr\bin\nio.dll
Event: 0.132 Loaded shared library C:\Users\MF\AppData\Local\Programs\Android Studio\jbr\bin\zip.dll
Event: 0.213 Loaded shared library C:\Users\MF\AppData\Local\Programs\Android Studio\jbr\bin\jimage.dll
Event: 0.462 Loaded shared library C:\Users\MF\AppData\Local\Programs\Android Studio\jbr\bin\extnet.dll
Event: 0.467 Thread 0x000001ecf677c8b0 Thread added: 0x000001ec9786f8a0
Event: 0.525 Thread 0x000001ec9786f8a0 Thread added: 0x000001ec97562d90
Event: 0.538 Thread 0x000001ec9786f8a0 Thread added: 0x000001ec978b2bd0


Dynamic libraries:
0x00007ff7178e0000 - 0x00007ff7178ea000 	C:\Users\MF\AppData\Local\Programs\Android Studio\jbr\bin\java.exe
0x00007ff955b90000 - 0x00007ff955d88000 	C:\Windows\SYSTEM32\ntdll.dll
0x00007ff955640000 - 0x00007ff955702000 	C:\Windows\System32\KERNEL32.DLL
0x00007ff9538a0000 - 0x00007ff953b9f000 	C:\Windows\System32\KERNELBASE.dll
0x00007ff953410000 - 0x00007ff953510000 	C:\Windows\System32\ucrtbase.dll
0x00007ff92d780000 - 0x00007ff92d798000 	C:\Users\MF\AppData\Local\Programs\Android Studio\jbr\bin\jli.dll
0x00007ff94b330000 - 0x00007ff94b34b000 	C:\Users\MF\AppData\Local\Programs\Android Studio\jbr\bin\VCRUNTIME140.dll
0x00007ff9554a0000 - 0x00007ff95563d000 	C:\Windows\System32\USER32.dll
0x00007ff953220000 - 0x00007ff953242000 	C:\Windows\System32\win32u.dll
0x00007ff92df10000 - 0x00007ff92e1aa000 	C:\Windows\WinSxS\amd64_microsoft.windows.common-controls_6595b64144ccf1df_6.0.19041.4355_none_60b8b9eb71f62e16\COMCTL32.dll
0x00007ff953ba0000 - 0x00007ff953bcb000 	C:\Windows\System32\GDI32.dll
0x00007ff953580000 - 0x00007ff953697000 	C:\Windows\System32\gdi32full.dll
0x00007ff954080000 - 0x00007ff95411e000 	C:\Windows\System32\msvcrt.dll
0x00007ff9536a0000 - 0x00007ff95373d000 	C:\Windows\System32\msvcp_win.dll
0x00007ff955a00000 - 0x00007ff955a2f000 	C:\Windows\System32\IMM32.DLL
0x00007ff94ae30000 - 0x00007ff94ae3c000 	C:\Users\MF\AppData\Local\Programs\Android Studio\jbr\bin\vcruntime140_1.dll
0x00007ff90fa40000 - 0x00007ff90facd000 	C:\Users\MF\AppData\Local\Programs\Android Studio\jbr\bin\msvcp140.dll
0x00007ff911d60000 - 0x00007ff9129e3000 	C:\Users\MF\AppData\Local\Programs\Android Studio\jbr\bin\server\jvm.dll
0x00007ff954320000 - 0x00007ff9543d1000 	C:\Windows\System32\ADVAPI32.dll
0x00007ff954be0000 - 0x00007ff954c7f000 	C:\Windows\System32\sechost.dll
0x00007ff9541f0000 - 0x00007ff954313000 	C:\Windows\System32\RPCRT4.dll
0x00007ff9533e0000 - 0x00007ff953407000 	C:\Windows\System32\bcrypt.dll
0x00007ff9545f0000 - 0x00007ff95465b000 	C:\Windows\System32\WS2_32.dll
0x00007ff952770000 - 0x00007ff9527bb000 	C:\Windows\SYSTEM32\POWRPROF.dll
0x00007ff930920000 - 0x00007ff930947000 	C:\Windows\SYSTEM32\WINMM.dll
0x00007ff94bba0000 - 0x00007ff94bbaa000 	C:\Windows\SYSTEM32\VERSION.dll
0x00007ff9525e0000 - 0x00007ff9525f2000 	C:\Windows\SYSTEM32\UMPDC.dll
0x00007ff951240000 - 0x00007ff951252000 	C:\Windows\SYSTEM32\kernel.appcore.dll
0x00007ff94ae20000 - 0x00007ff94ae2a000 	C:\Users\MF\AppData\Local\Programs\Android Studio\jbr\bin\jimage.dll
0x00007ff94d920000 - 0x00007ff94db04000 	C:\Windows\SYSTEM32\DBGHELP.DLL
0x00007ff928900000 - 0x00007ff928934000 	C:\Windows\SYSTEM32\dbgcore.DLL
0x00007ff9532a0000 - 0x00007ff953322000 	C:\Windows\System32\bcryptPrimitives.dll
0x00007ff946ad0000 - 0x00007ff946af0000 	C:\Users\MF\AppData\Local\Programs\Android Studio\jbr\bin\java.dll
0x00007ff946ab0000 - 0x00007ff946ac8000 	C:\Users\MF\AppData\Local\Programs\Android Studio\jbr\bin\zip.dll
0x00007ff954c80000 - 0x00007ff9553ee000 	C:\Windows\System32\SHELL32.dll
0x00007ff951260000 - 0x00007ff951a04000 	C:\Windows\SYSTEM32\windows.storage.dll
0x00007ff9546c0000 - 0x00007ff954a15000 	C:\Windows\System32\combase.dll
0x00007ff952b60000 - 0x00007ff952b8f000 	C:\Windows\SYSTEM32\Wldp.dll
0x00007ff954120000 - 0x00007ff9541ed000 	C:\Windows\System32\OLEAUT32.dll
0x00007ff9553f0000 - 0x00007ff95549d000 	C:\Windows\System32\SHCORE.dll
0x00007ff954660000 - 0x00007ff9546b5000 	C:\Windows\System32\shlwapi.dll
0x00007ff953150000 - 0x00007ff953174000 	C:\Windows\SYSTEM32\profapi.dll
0x00007ff94ac50000 - 0x00007ff94ac60000 	C:\Users\MF\AppData\Local\Programs\Android Studio\jbr\bin\net.dll
0x00007ff948f00000 - 0x00007ff94900d000 	C:\Windows\SYSTEM32\WINHTTP.dll
0x00007ff952950000 - 0x00007ff9529ba000 	C:\Windows\system32\mswsock.dll
0x00007ff946990000 - 0x00007ff9469a6000 	C:\Users\MF\AppData\Local\Programs\Android Studio\jbr\bin\nio.dll
0x00007ff952bb0000 - 0x00007ff952bc8000 	C:\Windows\SYSTEM32\CRYPTSP.dll
0x00007ff952220000 - 0x00007ff952254000 	C:\Windows\system32\rsaenh.dll
0x00007ff9530d0000 - 0x00007ff9530fe000 	C:\Windows\SYSTEM32\USERENV.dll
0x00007ff952b90000 - 0x00007ff952b9c000 	C:\Windows\SYSTEM32\CRYPTBASE.dll
0x00007ff952600000 - 0x00007ff95263b000 	C:\Windows\SYSTEM32\IPHLPAPI.DLL
0x00007ff9544c0000 - 0x00007ff9544c8000 	C:\Windows\System32\NSI.dll
0x00007ff924640000 - 0x00007ff924647000 	C:\Windows\system32\wshunix.dll
0x00007ff946820000 - 0x00007ff946829000 	C:\Users\MF\AppData\Local\Programs\Android Studio\jbr\bin\extnet.dll

dbghelp: loaded successfully - version: 4.0.5 - missing functions: none
symbol engine: initialized successfully - sym options: 0x614 - pdb path: .;C:\Users\MF\AppData\Local\Programs\Android Studio\jbr\bin;C:\Windows\SYSTEM32;C:\Windows\WinSxS\amd64_microsoft.windows.common-controls_6595b64144ccf1df_6.0.19041.4355_none_60b8b9eb71f62e16;C:\Users\MF\AppData\Local\Programs\Android Studio\jbr\bin\server

VM Arguments:
java_command: git4idea.http.GitAskPassApp Username for 'https://github.com': 
java_class_path (initial): C:/Users/MF/AppData/Local/Programs/Android Studio/plugins/vcs-git/lib/git4idea-rt.jar;C:/Users/MF/AppData/Local/Programs/Android Studio/lib/externalProcess-rt.jar
Launcher Type: SUN_STANDARD

[Global flags]
     intx CICompilerCount                          = 4                                         {product} {ergonomic}
     uint ConcGCThreads                            = 2                                         {product} {ergonomic}
     uint G1ConcRefinementThreads                  = 8                                         {product} {ergonomic}
   size_t G1HeapRegionSize                         = 2097152                                   {product} {ergonomic}
    uintx GCDrainStackTargetSize                   = 64                                        {product} {ergonomic}
   size_t InitialHeapSize                          = 266338304                                 {product} {ergonomic}
   size_t MarkStackSize                            = 4194304                                   {product} {ergonomic}
   size_t MaxHeapSize                              = 4261412864                                {product} {ergonomic}
   size_t MaxNewSize                               = 2556428288                                {product} {ergonomic}
   size_t MinHeapDeltaBytes                        = 2097152                                   {product} {ergonomic}
   size_t MinHeapSize                              = 8388608                                   {product} {ergonomic}
    uintx NonNMethodCodeHeapSize                   = 5839372                                {pd product} {ergonomic}
    uintx NonProfiledCodeHeapSize                  = 122909434                              {pd product} {ergonomic}
     bool PerfDisableSharedMem                     = true                                      {product} {ergonomic}
    uintx ProfiledCodeHeapSize                     = 122909434                              {pd product} {ergonomic}
    uintx ReservedCodeCacheSize                    = 251658240                              {pd product} {ergonomic}
     bool SegmentedCodeCache                       = true                                      {product} {ergonomic}
   size_t SoftMaxHeapSize                          = 4261412864                             {manageable} {ergonomic}
     bool UseCompressedOops                        = true                           {product lp64_product} {ergonomic}
     bool UseG1GC                                  = true                                      {product} {ergonomic}
     bool UseLargePagesIndividualAllocation        = false                                  {pd product} {ergonomic}

Logging:
Log output configuration:
 #0: stdout all=warning uptime,level,tags foldmultilines=false
 #1: stderr all=off uptime,level,tags foldmultilines=false

Environment Variables:
PATH=C:/Program Files/Git/mingw64/libexec/git-core;C:/Program Files/Git/mingw64/libexec/git-core;C:\Program Files\Git\mingw64\bin;C:\Program Files\Git\usr\bin;C:\Users\MF\bin;C:\Program Files (x86)\Common Files\Oracle\Java\java8path;C:\Program Files (x86)\Common Files\Oracle\Java\javapath;C:\Windows\system32;C:\Windows;C:\Windows\System32\Wbem;C:\Windows\System32\WindowsPowerShell\v1.0\;C:\Windows\System32\OpenSSH\;C:\Program Files\Git\cmd;C:\Program Files\dotnet\;C:\Users\MF\.jdks\openjdk-22.0.2\bin;C:\Program Files\WindowsApps\Microsoft.PowerShell_7.4.6.0_x64__8wekyb3d8bbwe;C:\Users\MF\AppData\Local\Microsoft\WindowsApps;C:\Users\MF\AppData\Local\JetBrains\Toolbox\scripts;C:\Users\MF\AppData\Local\Programs\Microsoft VS Code\bin;C:\Users\MF\.dotnet\tools;C:\Users\MF\AppData\Local\Programs\Fleet\app;C:\Path\To\Nodejs
USERNAME=MF
DISPLAY=:0.0
LC_ALL=en_US.UTF-8
TERM=xterm-256color
TMPDIR=C:\Users\MF\AppData\Local\Temp
OS=Windows_NT
PROCESSOR_IDENTIFIER=Intel64 Family 6 Model 158 Stepping 9, GenuineIntel
TMP=C:\Users\MF\AppData\Local\Temp
TEMP=C:\Users\MF\AppData\Local\Temp




Periodic native trim disabled

JNI global refs:
JNI global refs: 19, weak refs: 0

JNI global refs memory usage: 835, weak refs: 833

Process memory usage:
Resident Set Size: 69612K (0% of 16645336K total physical memory with 1111488K free physical memory)

OOME stack traces (most recent first):
Classloader memory used:
Loader bootstrap                                                                       : 14147K
Loader jdk.internal.loader.ClassLoaders$PlatformClassLoader                            : 1454K
Loader jdk.internal.loader.ClassLoaders$AppClassLoader                                 : 16400B

---------------  S Y S T E M  ---------------

OS:
 Windows 10 , 64 bit Build 19041 (10.0.19041.5198)
OS uptime: 8 days 13:24 hours
Hyper-V role detected

CPU: total 8 (initial active 8) (4 cores per cpu, 2 threads per core) family 6 model 158 stepping 9 microcode 0xf8, cx8, cmov, fxsr, ht, mmx, 3dnowpref, sse, sse2, sse3, ssse3, sse4.1, sse4.2, popcnt, lzcnt, tsc, tscinvbit, avx, avx2, aes, erms, clmul, bmi1, bmi2, rtm, adx, fma, vzeroupper, clflush, clflushopt, hv, rdtscp, f16c
Processor Information for all 8 processors :
  Max Mhz: 2904, Current Mhz: 2904, Mhz Limit: 2904

Memory: 4k page, system-wide physical 16255M (1085M free)
TotalPageFile size 41961M (AvailPageFile size 2M)
current process WorkingSet (physical memory assigned to process): 68M, peak: 68M
current process commit charge ("private bytes"): 349M, peak: 350M

vm_info: OpenJDK 64-Bit Server VM (21.0.4+-12508038-b607.1) for windows-amd64 JRE (21.0.4+-12508038-b607.1), built on 2024-10-16T17:23:34Z by "builder" with MS VC++ 16.10 / 16.11 (VS2019)

END.
